  KLU_kmeans_cplusplus.cpp
C:\Users\Niko\Documents\GitHub\Clustering-cpp\KLU_kmeans_cplusplus\KLU_kmeans_cplusplus.cpp(141,17): warning C4244: 'initializing': conversion from '__int64' to 'int', possible loss of data
C:\Users\Niko\Documents\GitHub\Clustering-cpp\KLU_kmeans_cplusplus\KLU_kmeans_cplusplus.cpp(210,26): warning C4267: 'initializing': conversion from 'size_t' to 'int', possible loss of data
C:\Users\Niko\Documents\GitHub\Clustering-cpp\KLU_kmeans_cplusplus\KLU_kmeans_cplusplus.cpp(354,22): warning C4244: 'initializing': conversion from '__int64' to 'int', possible loss of data
C:\Users\Niko\Documents\GitHub\Clustering-cpp\KLU_kmeans_cplusplus\KLU_kmeans_cplusplus.cpp(384,37): warning C4244: 'argument': conversion from 'double' to '_Ty', possible loss of data
C:\Users\Niko\Documents\GitHub\Clustering-cpp\KLU_kmeans_cplusplus\KLU_kmeans_cplusplus.cpp(384,37): warning C4244:         with
C:\Users\Niko\Documents\GitHub\Clustering-cpp\KLU_kmeans_cplusplus\KLU_kmeans_cplusplus.cpp(384,37): warning C4244:         [
C:\Users\Niko\Documents\GitHub\Clustering-cpp\KLU_kmeans_cplusplus\KLU_kmeans_cplusplus.cpp(384,37): warning C4244:             _Ty=int
C:\Users\Niko\Documents\GitHub\Clustering-cpp\KLU_kmeans_cplusplus\KLU_kmeans_cplusplus.cpp(384,37): warning C4244:         ]
C:\Users\Niko\Documents\GitHub\Clustering-cpp\KLU_kmeans_cplusplus\KLU_kmeans_cplusplus.cpp(519,74): warning C4267: 'argument': conversion from 'size_t' to 'int', possible loss of data
C:\Users\Niko\Documents\GitHub\Clustering-cpp\KLU_kmeans_cplusplus\KLU_kmeans_cplusplus.cpp(569,22): warning C4267: 'initializing': conversion from 'size_t' to 'int', possible loss of data
C:\Users\Niko\Documents\GitHub\Clustering-cpp\KLU_kmeans_cplusplus\KLU_kmeans_cplusplus.cpp(580,37): warning C4267: '=': conversion from 'size_t' to 'int', possible loss of data
C:\Users\Niko\Documents\GitHub\Clustering-cpp\KLU_kmeans_cplusplus\KLU_kmeans_cplusplus.cpp(602,8): warning C4267: 'initializing': conversion from 'size_t' to 'int', possible loss of data
C:\Users\Niko\Documents\GitHub\Clustering-cpp\KLU_kmeans_cplusplus\KLU_kmeans_cplusplus.cpp(603,8): warning C4267: 'initializing': conversion from 'size_t' to 'int', possible loss of data
C:\Users\Niko\Documents\GitHub\Clustering-cpp\KLU_kmeans_cplusplus\KLU_kmeans_cplusplus.cpp(637,9): warning C4267: 'initializing': conversion from 'size_t' to 'int', possible loss of data
C:\Users\Niko\Documents\GitHub\Clustering-cpp\KLU_kmeans_cplusplus\KLU_kmeans_cplusplus.cpp(638,9): warning C4267: 'initializing': conversion from 'size_t' to 'int', possible loss of data
C:\Users\Niko\Documents\GitHub\Clustering-cpp\KLU_kmeans_cplusplus\KLU_kmeans_cplusplus.cpp(734,13): warning C4244: 'initializing': conversion from '__int64' to 'int', possible loss of data
C:\Users\Niko\Documents\GitHub\Clustering-cpp\KLU_kmeans_cplusplus\KLU_kmeans_cplusplus.cpp(850,9): warning C4267: 'initializing': conversion from 'size_t' to 'int', possible loss of data
C:\Users\Niko\Documents\GitHub\Clustering-cpp\KLU_kmeans_cplusplus\KLU_kmeans_cplusplus.cpp(882,27): warning C4244: '=': conversion from '__int64' to 'int', possible loss of data
C:\Users\Niko\Documents\GitHub\Clustering-cpp\KLU_kmeans_cplusplus\KLU_kmeans_cplusplus.cpp(889,27): warning C4244: '=': conversion from '__int64' to 'int', possible loss of data
C:\Users\Niko\Documents\GitHub\Clustering-cpp\KLU_kmeans_cplusplus\KLU_kmeans_cplusplus.cpp(989,64): warning C4267: 'argument': conversion from 'size_t' to 'int', possible loss of data
  KLU_kmeans_cplusplus.vcxproj -> C:\Users\Niko\Documents\GitHub\Clustering-cpp\x64\Debug\KLU_kmeans_cplusplus.exe
